20240202	17:13:49	663c997f-8e22-477e-a881-3ee27b4590e8	GET	/	undefined
20240202	17:14:37	00a70129-e5da-4696-9a57-2404072ca8c0	GET	/home	undefined
20240202	17:14:37	89ada8d1-4feb-4c12-9735-7e8e7d8f004c	GET	/favicon.ico	undefined20240211	13:46:41	9b2aaca9-4271-4a40-934f-27a4604b309a	GET	/api/v1/data	http://localhost:5173
20240211	13:49:17	7bd0e869-91bf-485b-a118-f29bd29afe07	GET	/api/v1/data	http://localhost:5173
20240211	13:49:33	991f40dd-b01f-485a-ac3d-c094ff357837	GET	/api/v1/data	http://localhost:5173
20240211	13:49:33	b74a004b-2400-454d-b74a-e570ab3db8ce	GET	/api/v1/data	http://localhost:5173
20240211	13:50:41	4f5e1c20-d512-4dc8-9eb0-c118ea8a2cee	GET	/api/v1/data	http://localhost:5173
20240211	13:50:46	e77dfdde-69bd-4ab5-9e51-c58023628605	GET	/api/v1/data	http://localhost:5173
20240211	13:51:27	33170f53-6764-4b41-a40e-da9fcc0ee4c8	GET	/api/v1/data	http://localhost:5173
20240211	13:51:51	15f4da0b-0d97-4a04-9719-a0d89a509a39	GET	/api/v1/data	http://localhost:5173
20240211	13:51:55	7c65e9a4-e7e5-4306-be69-5d538ceb6ea0	GET	/api/v1/data	http://localhost:5173
20240211	13:51:55	62013b54-4be8-41f3-8808-65c491953bc6	GET	/api/v1/data	http://localhost:5173
20240211	13:52:44	717e085b-8b1b-49ca-ace1-1ea03b05f4f4	GET	/api/v1/data	http://localhost:5173
20240211	13:53:05	fc7ba1e4-6893-436d-8c87-cc2d162f0934	GET	/api/v1/data	http://localhost:5173
20240211	13:53:16	68e82859-2edd-4e7f-abe9-7f4e9ef919e1	GET	/api/v1/data	http://localhost:5173
20240211	13:53:43	a1a33b18-5ba7-483d-a7e0-8c401075a8e0	GET	/api/v1/data	http://localhost:5173
20240211	13:53:47	d85416be-91e9-4671-8c8d-74cd846f8f0d	GET	/api/v1/data	http://localhost:5173
20240211	13:53:51	7f38250f-9205-4145-acce-6a419317d611	GET	/api/v1/data	http://localhost:5173
20240211	13:53:51	b1a5d617-11ea-4f0b-9cde-b93cc11dea3c	GET	/api/v1/data	http://localhost:5173
20240211	13:55:06	a009e250-cc8f-4d27-98f0-2753518ef591	GET	/api/v1/data	http://localhost:5173
20240211	13:55:18	a54ac17b-d71f-48de-9116-0c30ffb5f45a	GET	/api/v1/data	http://localhost:5173
20240211	13:55:49	92b20b4c-4e19-4270-afdc-f960003ca72a	GET	/api/v1/data	http://localhost:5173
20240211	13:55:58	71ceb9d1-9938-4801-8c64-e76d771ab8ac	GET	/api/v1/data	http://localhost:5173
20240211	13:55:58	41fd9fd6-3c4a-4fd2-a843-b217330b7e94	GET	/api/v1/data	http://localhost:5173
20240211	13:56:23	f0188c83-6d3b-49e1-8531-160bfdd42b53	GET	/api/v1/data	http://localhost:5173
20240211	13:56:23	ff2febf5-dde1-4db5-b283-c30783db53ea	GET	/api/v1/data	http://localhost:5173
20240211	13:56:32	2a9a9361-cdcd-4d63-a80e-248528bde044	GET	/api/v1/data	http://localhost:5173
20240211	13:56:32	42beda97-a184-4020-ae19-0e55a553bc4d	GET	/api/v1/data	http://localhost:5173
20240211	13:57:34	11fb389b-f8f8-4961-b66c-103de74ac0a5	GET	/api/v1/data	http://localhost:5173
20240211	13:57:44	64367af0-2e93-4d86-88a6-2e61a5d8576b	GET	/api/v1/data	http://localhost:5173
20240211	13:57:44	2502ae2e-b829-4a0e-b7a7-de89db0b6e8d	GET	/api/v1/data	http://localhost:5173
20240211	13:57:52	a346b3c7-9aba-415b-8d59-a6f11e63544f	GET	/api/v1/data	http://localhost:5173
20240211	14:16:14	992203b1-f17a-4e36-b281-71b3a0d60d05	GET	/api/v1/data	undefined
20240211	14:16:31	1dce4b83-630d-4394-bb9f-f10f95eacc4f	GET	/api/v1/data	http://localhost:5173
20240211	14:16:31	531a630d-24df-4328-af53-45ec68291465	GET	/api/v1/data	http://localhost:5173
20240211	14:17:07	0289c48b-5c2c-48fa-aeee-a14cc8e88190	GET	/api/v1/data	http://localhost:5173
20240211	14:17:28	371ddb6d-1eca-4c76-8136-e5264db18889	GET	/api/v1/data	http://localhost:5173
20240211	14:17:35	a26d36d1-4a79-4b8d-bc85-f720e7160897	GET	/api/v1/data	http://localhost:5173
20240211	14:17:51	fc83fc12-230f-41ba-9b78-ad21f010fa7b	GET	/api/v1/data	http://localhost:5173
20240211	14:18:14	0d8c9f47-2972-4fc9-aa84-2642c7c42583	GET	/api/v1/data	http://localhost:5173
20240211	14:18:14	5220608d-b3bc-4a50-82ff-db0eab879cec	GET	/api/v1/data	http://localhost:5173
20240211	14:20:58	7e2c1115-1810-496e-82ca-6716f4b50746	GET	/api/v1/data	http://localhost:5173
20240211	14:21:36	f04f2e57-de0d-4a3a-af39-0c4409ff019c	GET	/api/v1/data	http://localhost:5173
20240211	14:21:52	adf3dad4-5d32-4b30-a3cf-b33719fe931f	GET	/api/v1/data	http://localhost:5173
20240211	14:21:52	3361c20a-4346-47d8-80f4-4b54b8786d3b	GET	/api/v1/data	http://localhost:5173
20240211	14:22:03	c367c2e5-cffb-43ef-ab0b-1d62793ad971	GET	/api/v1/data	http://localhost:5173
20240211	14:22:16	546a49c3-3ab5-4b84-9059-1be094d22659	GET	/api/v1/data	http://localhost:5173
20240211	14:22:16	1915ef82-01ae-40ae-a691-c8c9e7da8fe4	GET	/api/v1/data	http://localhost:5173
20240211	14:22:19	3b0d52ab-e47f-4990-8d5c-2a8b4e972278	GET	/api/v1/data	http://localhost:5173
20240211	14:22:19	5c9dcf49-b72d-48a7-8763-9920592cf804	GET	/api/v1/data	http://localhost:5173
20240211	14:22:43	843736d5-63d4-4d23-a69e-c99500bbf8dc	GET	/api/v1/data	http://localhost:5173
20240211	14:23:00	dcc28b51-ca3a-4898-87fd-53695fb5bdb8	GET	/api/v1/data	http://localhost:5173
20240211	14:23:53	b9dc2d15-c46f-4ebf-a2fb-93df40627387	GET	/api/v1/data	http://localhost:5173
20240211	14:23:56	f74c06fa-689c-4bb3-96b3-89c4a331bc96	GET	/api/v1/data	http://localhost:5173
20240211	14:23:56	4b8b8765-6409-40a5-99b9-1760409dc823	GET	/api/v1/data	http://localhost:5173
20240211	14:24:32	ff727464-52a0-4c61-b6f0-7d3c61a96c7f	GET	/api/v1/data	http://localhost:5173
20240211	14:24:49	86bc38b9-35e2-4a4a-9e02-8a27ea91bcde	GET	/api/v1/data	http://localhost:5173
20240211	14:24:49	9c6e9305-399a-4938-9448-17e5e077f400	GET	/api/v1/data	http://localhost:5173
